<?xml version="1.0" encoding="UTF-8"?>
<!-- Generated by org.testng.reporters.JUnitXMLReporter -->
<testsuite ignored="0" hostname="DESKTOP-ES6JCAK" failures="0" tests="4" name="Default test" time="31.311" errors="0" timestamp="2021-06-13T10:54:48 IST">
  <testcase classname="com.qa.hostel.tesPackage.loginPageTest" name="logoTest" time="0.086"/>
  <testcase classname="com.qa.hostel.tesPackage.loginPageTest" name="signInButton" time="0.039"/>
  <testcase classname="com.qa.hostel.tesPackage.loginPageTest" name="titleTest" time="0.014"/>
  <testcase classname="com.qa.hostel.tesPackage.loginPageTest" name="verifyLogin" time="2.463"/>
</testsuite> <!-- Default test -->
