<?xml version="1.0" encoding="UTF-8"?>
<!-- Generated by org.testng.reporters.JUnitXMLReporter -->
<testsuite ignored="0" hostname="DESKTOP-ES6JCAK" failures="0" tests="5" name="Default test" time="52.019" errors="0" timestamp="2021-06-15T08:44:48 IST">
  <testcase classname="com.qa.hostel.tesPackage.homePageTest" name="addNewStudentButtonTest" time="2.751"/>
  <testcase classname="com.qa.hostel.tesPackage.homePageTest" name="addStudentLink" time="2.141"/>
  <testcase classname="com.qa.hostel.tesPackage.homePageTest" name="admittedStudTest" time="2.117"/>
  <testcase classname="com.qa.hostel.tesPackage.homePageTest" name="logOutTest" time="2.55"/>
  <testcase classname="com.qa.hostel.tesPackage.homePageTest" name="roomAllocationTest" time="2.117"/>
</testsuite> <!-- Default test -->
