<?xml version="1.0" encoding="UTF-8"?>
<!-- Generated by org.testng.reporters.JUnitXMLReporter -->
<testsuite ignored="0" hostname="DESKTOP-ES6JCAK" failures="0" tests="9" name="Data driven framework with POM" time="73.449" errors="0" timestamp="2021-06-15T08:53:38 IST">
  <testcase classname="com.qa.hostel.testPackage.loginPageTest" name="logoTest" time="0.209"/>
  <testcase classname="com.qa.hostel.testPackage.loginPageTest" name="signInButton" time="0.053"/>
  <testcase classname="com.qa.hostel.testPackage.loginPageTest" name="titleTest" time="0.011"/>
  <testcase classname="com.qa.hostel.testPackage.loginPageTest" name="verifyLogin" time="2.472"/>
  <testcase classname="com.qa.hostel.testPackage.homePageTest" name="addNewStudentButtonTest" time="2.558"/>
  <testcase classname="com.qa.hostel.testPackage.homePageTest" name="addStudentLink" time="2.112"/>
  <testcase classname="com.qa.hostel.testPackage.homePageTest" name="admittedStudTest" time="2.145"/>
  <testcase classname="com.qa.hostel.testPackage.homePageTest" name="logOutTest" time="2.563"/>
  <testcase classname="com.qa.hostel.testPackage.homePageTest" name="roomAllocationTest" time="2.13"/>
</testsuite> <!-- Data driven framework with POM -->
