<?xml version="1.0" encoding="UTF-8"?>
<testng-results ignored="0" total="9" passed="9" failed="0" skipped="0">
  <reporter-output>
  </reporter-output>
  <suite started-at="2021-06-15T08:52:25 IST" name="Pardise Hostel Automate TestCases" finished-at="2021-06-15T08:53:38 IST" duration-ms="73449">
    <groups>
    </groups>
    <test started-at="2021-06-15T08:52:25 IST" name="Data driven framework with POM" finished-at="2021-06-15T08:53:38 IST" duration-ms="73449">
      <class name="com.qa.hostel.testPackage.loginPageTest">
        <test-method is-config="true" signature="setup()[pri:0, instance:com.qa.hostel.testPackage.loginPageTest@741a8937]" started-at="2021-06-15T08:52:25 IST" name="setup" finished-at="2021-06-15T08:52:31 IST" duration-ms="6316" status="PASS">
          <reporter-output>
          </reporter-output>
        </test-method> <!-- setup -->
        <test-method signature="logoTest()[pri:0, instance:com.qa.hostel.testPackage.loginPageTest@741a8937]" started-at="2021-06-15T08:52:31 IST" name="logoTest" finished-at="2021-06-15T08:52:32 IST" duration-ms="209" status="PASS">
          <reporter-output>
          </reporter-output>
        </test-method> <!-- logoTest -->
        <test-method is-config="true" signature="close()[pri:0, instance:com.qa.hostel.testPackage.loginPageTest@741a8937]" started-at="2021-06-15T08:52:32 IST" name="close" finished-at="2021-06-15T08:52:32 IST" duration-ms="379" status="PASS">
          <reporter-output>
          </reporter-output>
        </test-method> <!-- close -->
        <test-method is-config="true" signature="setup()[pri:0, instance:com.qa.hostel.testPackage.loginPageTest@741a8937]" started-at="2021-06-15T08:52:32 IST" name="setup" finished-at="2021-06-15T08:52:37 IST" duration-ms="4669" status="PASS">
          <reporter-output>
          </reporter-output>
        </test-method> <!-- setup -->
        <test-method signature="signInButton()[pri:0, instance:com.qa.hostel.testPackage.loginPageTest@741a8937]" started-at="2021-06-15T08:52:37 IST" name="signInButton" finished-at="2021-06-15T08:52:37 IST" duration-ms="53" status="PASS">
          <reporter-output>
          </reporter-output>
        </test-method> <!-- signInButton -->
        <test-method is-config="true" signature="close()[pri:0, instance:com.qa.hostel.testPackage.loginPageTest@741a8937]" started-at="2021-06-15T08:52:37 IST" name="close" finished-at="2021-06-15T08:52:37 IST" duration-ms="220" status="PASS">
          <reporter-output>
          </reporter-output>
        </test-method> <!-- close -->
        <test-method is-config="true" signature="setup()[pri:0, instance:com.qa.hostel.testPackage.loginPageTest@741a8937]" started-at="2021-06-15T08:52:37 IST" name="setup" finished-at="2021-06-15T08:52:41 IST" duration-ms="4297" status="PASS">
          <reporter-output>
          </reporter-output>
        </test-method> <!-- setup -->
        <test-method signature="titleTest()[pri:0, instance:com.qa.hostel.testPackage.loginPageTest@741a8937]" started-at="2021-06-15T08:52:41 IST" name="titleTest" finished-at="2021-06-15T08:52:41 IST" duration-ms="11" status="PASS">
          <reporter-output>
          </reporter-output>
        </test-method> <!-- titleTest -->
        <test-method is-config="true" signature="close()[pri:0, instance:com.qa.hostel.testPackage.loginPageTest@741a8937]" started-at="2021-06-15T08:52:41 IST" name="close" finished-at="2021-06-15T08:52:42 IST" duration-ms="315" status="PASS">
          <reporter-output>
          </reporter-output>
        </test-method> <!-- close -->
        <test-method is-config="true" signature="setup()[pri:0, instance:com.qa.hostel.testPackage.loginPageTest@741a8937]" started-at="2021-06-15T08:52:42 IST" name="setup" finished-at="2021-06-15T08:52:46 IST" duration-ms="4358" status="PASS">
          <reporter-output>
          </reporter-output>
        </test-method> <!-- setup -->
        <test-method signature="verifyLogin()[pri:0, instance:com.qa.hostel.testPackage.loginPageTest@741a8937]" started-at="2021-06-15T08:52:46 IST" name="verifyLogin" finished-at="2021-06-15T08:52:48 IST" duration-ms="2472" status="PASS">
          <reporter-output>
          </reporter-output>
        </test-method> <!-- verifyLogin -->
        <test-method is-config="true" signature="close()[pri:0, instance:com.qa.hostel.testPackage.loginPageTest@741a8937]" started-at="2021-06-15T08:52:48 IST" name="close" finished-at="2021-06-15T08:52:49 IST" duration-ms="454" status="PASS">
          <reporter-output>
          </reporter-output>
        </test-method> <!-- close -->
      </class> <!-- com.qa.hostel.testPackage.loginPageTest -->
      <class name="com.qa.hostel.testPackage.homePageTest">
        <test-method is-config="true" signature="setup()[pri:0, instance:com.qa.hostel.testPackage.homePageTest@4b0d79fc]" started-at="2021-06-15T08:52:49 IST" name="setup" finished-at="2021-06-15T08:52:56 IST" duration-ms="6971" status="PASS">
          <reporter-output>
          </reporter-output>
        </test-method> <!-- setup -->
        <test-method signature="addNewStudentButtonTest()[pri:0, instance:com.qa.hostel.testPackage.homePageTest@4b0d79fc]" started-at="2021-06-15T08:52:56 IST" name="addNewStudentButtonTest" finished-at="2021-06-15T08:52:58 IST" duration-ms="2558" status="PASS">
          <reporter-output>
          </reporter-output>
        </test-method> <!-- addNewStudentButtonTest -->
        <test-method is-config="true" signature="close()[pri:0, instance:com.qa.hostel.testPackage.homePageTest@4b0d79fc]" started-at="2021-06-15T08:52:58 IST" name="close" finished-at="2021-06-15T08:52:59 IST" duration-ms="799" status="PASS">
          <reporter-output>
          </reporter-output>
        </test-method> <!-- close -->
        <test-method is-config="true" signature="setup()[pri:0, instance:com.qa.hostel.testPackage.homePageTest@4b0d79fc]" started-at="2021-06-15T08:52:59 IST" name="setup" finished-at="2021-06-15T08:53:06 IST" duration-ms="7108" status="PASS">
          <reporter-output>
          </reporter-output>
        </test-method> <!-- setup -->
        <test-method signature="addStudentLink()[pri:0, instance:com.qa.hostel.testPackage.homePageTest@4b0d79fc]" started-at="2021-06-15T08:53:06 IST" name="addStudentLink" finished-at="2021-06-15T08:53:08 IST" duration-ms="2112" status="PASS">
          <reporter-output>
          </reporter-output>
        </test-method> <!-- addStudentLink -->
        <test-method is-config="true" signature="close()[pri:0, instance:com.qa.hostel.testPackage.homePageTest@4b0d79fc]" started-at="2021-06-15T08:53:08 IST" name="close" finished-at="2021-06-15T08:53:09 IST" duration-ms="835" status="PASS">
          <reporter-output>
          </reporter-output>
        </test-method> <!-- close -->
        <test-method is-config="true" signature="setup()[pri:0, instance:com.qa.hostel.testPackage.homePageTest@4b0d79fc]" started-at="2021-06-15T08:53:09 IST" name="setup" finished-at="2021-06-15T08:53:16 IST" duration-ms="6530" status="PASS">
          <reporter-output>
          </reporter-output>
        </test-method> <!-- setup -->
        <test-method signature="admittedStudTest()[pri:0, instance:com.qa.hostel.testPackage.homePageTest@4b0d79fc]" started-at="2021-06-15T08:53:16 IST" name="admittedStudTest" finished-at="2021-06-15T08:53:18 IST" duration-ms="2145" status="PASS">
          <reporter-output>
          </reporter-output>
        </test-method> <!-- admittedStudTest -->
        <test-method is-config="true" signature="close()[pri:0, instance:com.qa.hostel.testPackage.homePageTest@4b0d79fc]" started-at="2021-06-15T08:53:18 IST" name="close" finished-at="2021-06-15T08:53:19 IST" duration-ms="786" status="PASS">
          <reporter-output>
          </reporter-output>
        </test-method> <!-- close -->
        <test-method is-config="true" signature="setup()[pri:0, instance:com.qa.hostel.testPackage.homePageTest@4b0d79fc]" started-at="2021-06-15T08:53:19 IST" name="setup" finished-at="2021-06-15T08:53:25 IST" duration-ms="6606" status="PASS">
          <reporter-output>
          </reporter-output>
        </test-method> <!-- setup -->
        <test-method signature="logOutTest()[pri:0, instance:com.qa.hostel.testPackage.homePageTest@4b0d79fc]" started-at="2021-06-15T08:53:25 IST" name="logOutTest" finished-at="2021-06-15T08:53:28 IST" duration-ms="2563" status="PASS">
          <reporter-output>
          </reporter-output>
        </test-method> <!-- logOutTest -->
        <test-method is-config="true" signature="close()[pri:0, instance:com.qa.hostel.testPackage.homePageTest@4b0d79fc]" started-at="2021-06-15T08:53:28 IST" name="close" finished-at="2021-06-15T08:53:29 IST" duration-ms="890" status="PASS">
          <reporter-output>
          </reporter-output>
        </test-method> <!-- close -->
        <test-method is-config="true" signature="setup()[pri:0, instance:com.qa.hostel.testPackage.homePageTest@4b0d79fc]" started-at="2021-06-15T08:53:29 IST" name="setup" finished-at="2021-06-15T08:53:35 IST" duration-ms="6734" status="PASS">
          <reporter-output>
          </reporter-output>
        </test-method> <!-- setup -->
        <test-method signature="roomAllocationTest()[pri:0, instance:com.qa.hostel.testPackage.homePageTest@4b0d79fc]" started-at="2021-06-15T08:53:35 IST" name="roomAllocationTest" finished-at="2021-06-15T08:53:38 IST" duration-ms="2130" status="PASS">
          <reporter-output>
          </reporter-output>
        </test-method> <!-- roomAllocationTest -->
        <test-method is-config="true" signature="close()[pri:0, instance:com.qa.hostel.testPackage.homePageTest@4b0d79fc]" started-at="2021-06-15T08:53:38 IST" name="close" finished-at="2021-06-15T08:53:38 IST" duration-ms="831" status="PASS">
          <reporter-output>
          </reporter-output>
        </test-method> <!-- close -->
      </class> <!-- com.qa.hostel.testPackage.homePageTest -->
    </test> <!-- Data driven framework with POM -->
  </suite> <!-- Pardise Hostel Automate TestCases -->
</testng-results>
