<?xml version="1.0" encoding="UTF-8"?>
<testng-results ignored="0" total="4" passed="4" failed="0" skipped="0">
  <reporter-output>
  </reporter-output>
  <suite started-at="2021-06-13T10:54:17 IST" name="Default suite" finished-at="2021-06-13T10:54:48 IST" duration-ms="31311">
    <groups>
    </groups>
    <test started-at="2021-06-13T10:54:17 IST" name="Default test" finished-at="2021-06-13T10:54:48 IST" duration-ms="31311">
      <class name="com.qa.hostel.tesPackage.loginPageTest">
        <test-method is-config="true" signature="setup()[pri:0, instance:com.qa.hostel.tesPackage.loginPageTest@1b2abca6]" started-at="2021-06-13T10:54:17 IST" name="setup" finished-at="2021-06-13T10:54:27 IST" duration-ms="10151" status="PASS">
          <reporter-output>
          </reporter-output>
        </test-method> <!-- setup -->
        <test-method signature="logoTest()[pri:0, instance:com.qa.hostel.tesPackage.loginPageTest@1b2abca6]" started-at="2021-06-13T10:54:27 IST" name="logoTest" finished-at="2021-06-13T10:54:27 IST" duration-ms="86" status="PASS">
          <reporter-output>
          </reporter-output>
        </test-method> <!-- logoTest -->
        <test-method is-config="true" signature="close()[pri:0, instance:com.qa.hostel.tesPackage.loginPageTest@1b2abca6]" started-at="2021-06-13T10:54:27 IST" name="close" finished-at="2021-06-13T10:54:28 IST" duration-ms="631" status="PASS">
          <reporter-output>
          </reporter-output>
        </test-method> <!-- close -->
        <test-method is-config="true" signature="setup()[pri:0, instance:com.qa.hostel.tesPackage.loginPageTest@1b2abca6]" started-at="2021-06-13T10:54:28 IST" name="setup" finished-at="2021-06-13T10:54:34 IST" duration-ms="5935" status="PASS">
          <reporter-output>
          </reporter-output>
        </test-method> <!-- setup -->
        <test-method signature="signInButton()[pri:0, instance:com.qa.hostel.tesPackage.loginPageTest@1b2abca6]" started-at="2021-06-13T10:54:34 IST" name="signInButton" finished-at="2021-06-13T10:54:34 IST" duration-ms="39" status="PASS">
          <reporter-output>
          </reporter-output>
        </test-method> <!-- signInButton -->
        <test-method is-config="true" signature="close()[pri:0, instance:com.qa.hostel.tesPackage.loginPageTest@1b2abca6]" started-at="2021-06-13T10:54:34 IST" name="close" finished-at="2021-06-13T10:54:34 IST" duration-ms="446" status="PASS">
          <reporter-output>
          </reporter-output>
        </test-method> <!-- close -->
        <test-method is-config="true" signature="setup()[pri:0, instance:com.qa.hostel.tesPackage.loginPageTest@1b2abca6]" started-at="2021-06-13T10:54:34 IST" name="setup" finished-at="2021-06-13T10:54:39 IST" duration-ms="5219" status="PASS">
          <reporter-output>
          </reporter-output>
        </test-method> <!-- setup -->
        <test-method signature="titleTest()[pri:0, instance:com.qa.hostel.tesPackage.loginPageTest@1b2abca6]" started-at="2021-06-13T10:54:39 IST" name="titleTest" finished-at="2021-06-13T10:54:39 IST" duration-ms="14" status="PASS">
          <reporter-output>
          </reporter-output>
        </test-method> <!-- titleTest -->
        <test-method is-config="true" signature="close()[pri:0, instance:com.qa.hostel.tesPackage.loginPageTest@1b2abca6]" started-at="2021-06-13T10:54:39 IST" name="close" finished-at="2021-06-13T10:54:40 IST" duration-ms="573" status="PASS">
          <reporter-output>
          </reporter-output>
        </test-method> <!-- close -->
        <test-method is-config="true" signature="setup()[pri:0, instance:com.qa.hostel.tesPackage.loginPageTest@1b2abca6]" started-at="2021-06-13T10:54:40 IST" name="setup" finished-at="2021-06-13T10:54:45 IST" duration-ms="5090" status="PASS">
          <reporter-output>
          </reporter-output>
        </test-method> <!-- setup -->
        <test-method signature="verifyLogin()[pri:0, instance:com.qa.hostel.tesPackage.loginPageTest@1b2abca6]" started-at="2021-06-13T10:54:45 IST" name="verifyLogin" finished-at="2021-06-13T10:54:47 IST" duration-ms="2463" status="PASS">
          <reporter-output>
          </reporter-output>
        </test-method> <!-- verifyLogin -->
        <test-method is-config="true" signature="close()[pri:0, instance:com.qa.hostel.tesPackage.loginPageTest@1b2abca6]" started-at="2021-06-13T10:54:47 IST" name="close" finished-at="2021-06-13T10:54:48 IST" duration-ms="577" status="PASS">
          <reporter-output>
          </reporter-output>
        </test-method> <!-- close -->
      </class> <!-- com.qa.hostel.tesPackage.loginPageTest -->
    </test> <!-- Default test -->
  </suite> <!-- Default suite -->
</testng-results>
